2026-04-07 15:53:15,834 - INFO - ✅ Playwright 启动成功
2026-04-07 15:53:15,846 - INFO - 请求地址：https://user.360lj.com/ajax/Newlogin?r=0.5819574925456303
2026-04-07 15:53:15,846 - INFO - 请求参数：{'json': {'username': '17638063821', 'password': 'Meiyoumima', 'type': 0}}
2026-04-07 15:53:17,467 - INFO - 响应结果：[{'status':'1','info':'用户名或密码错误'}]
2026-04-07 15:53:58,865 - INFO - ✅ Playwright 启动成功
2026-04-07 15:53:58,873 - INFO - 请求地址：https://user.360lj.com/ajax/Newlogin?r=0.5819574925456303
2026-04-07 15:53:58,873 - INFO - 请求参数：{'json': {'username': '17638063821', 'password': 'Meiyoumima', 'type': 0}}
2026-04-07 15:53:59,510 - INFO - 响应结果：[{'status':'1','info':'用户名或密码错误'}]
2026-04-07 15:54:35,889 - INFO - ✅ Playwright 启动成功
2026-04-07 15:54:35,900 - INFO - 请求地址：https://user.360lj.com/ajax/Newlogin?r=0.5819574925456303
2026-04-07 15:54:35,901 - INFO - 请求参数：{'json': {'username': '17638063821', 'password': 'Meiyoumima', 'type': 0}}
2026-04-07 15:54:36,501 - INFO - 响应结果：[{'status':'1','info':'用户名或密码错误'}]
2026-04-07 15:56:42,748 - INFO - ✅ Playwright 启动成功
2026-04-07 15:56:42,759 - INFO - 请求地址：https://user.360lj.com/ajax/Newlogin?r=0.5819574925456303
2026-04-07 15:56:42,760 - INFO - 请求参数：{'json': {'username': '17638063821', 'password': 'Meiyoumima', 'type': 0}}
2026-04-07 15:57:47,414 - INFO - ✅ Playwright 启动成功
2026-04-07 15:57:47,423 - INFO - 请求地址：https://user.360lj.com/ajax/Newlogin?r=0.5819574925456303
2026-04-07 15:57:47,423 - INFO - 请求参数：{'json': {'username': '17638063821', 'password': 'Meiyoumima', 'type': 0}}
2026-04-07 15:58:02,869 - INFO - 响应结果：[{'status':'1','info':'用户名或密码错误'}]
2026-04-07 16:02:46,167 - INFO - ✅ Playwright 启动成功
2026-04-07 16:02:46,173 - INFO - 请求地址：https://user.360lj.com/ajax/Newlogin?r=0.5819574925456303
2026-04-07 16:02:46,174 - INFO - 请求参数：{'json': {'username': '17638063821', 'password': 'Meiyoumima', 'type': 0}}
2026-04-07 16:02:47,781 - INFO - 响应结果：[{'status':'1','info':'用户名或密码错误'}]
2026-04-07 16:05:36,129 - INFO - ✅ Playwright 启动成功
2026-04-07 16:05:36,141 - INFO - 请求地址：https://user.360lj.com/ajax/Newlogin?r=0.5819574925456303
2026-04-07 16:05:36,141 - INFO - 请求参数：{'json': {'username': '17638063821', 'password': 'Meiyoumima', 'type': 0}}
2026-04-07 16:05:36,633 - INFO - 响应结果：[{'status':'1','info':'用户名或密码错误'}]
2026-04-07 16:05:37,874 - INFO - ✅ 浏览器已关闭
2026-04-07 16:15:29,290 - INFO - ✅ Playwright 启动成功
2026-04-07 16:15:29,300 - INFO - 请求地址：https://user.360lj.com/ajax/Newlogin?r=0.5819574925456303
2026-04-07 16:15:29,300 - INFO - 请求参数：{'json': {'username': '17638063821', 'password': 'Meiyoumima', 'type': 0}}
2026-04-07 16:15:29,896 - INFO - 响应结果：[{'status':'1','info':'用户名或密码错误'}]
2026-04-07 16:15:29,902 - INFO - 请求地址：https://user.360lj.com/ajax/Newlogin?r=0.5819574925456303
2026-04-07 16:15:29,902 - INFO - 请求参数：{'json': {'username': '19939906086', 'password': 'meiyoumima', 'type': 0}}
2026-04-07 16:15:29,959 - INFO - 响应结果：[{'status':'0','info':'恭喜登录成功'}]
2026-04-07 16:16:23,800 - INFO - 请求地址：https://user.360lj.com/ajax/Newlogin?r=0.5819574925456303
2026-04-07 16:16:23,801 - INFO - 请求参数：{'json': {'username': '17638063821', 'password': 'Meiyoumima', 'type': 0}}
2026-04-07 16:16:24,211 - INFO - 响应结果：[{'status':'1','info':'用户名或密码错误'}]
2026-04-07 16:16:24,214 - INFO - 请求地址：https://user.360lj.com/ajax/Newlogin?r=0.5819574925456303
2026-04-07 16:16:24,214 - INFO - 请求参数：{'json': {'username': '19939906086', 'password': 'meiyoumima', 'type': 0}}
2026-04-07 16:16:24,243 - INFO - 响应结果：[{'status':'0','info':'恭喜登录成功'}]
