2026-04-16 09:42:26,932 - INFO - [打开登录页] 跳转URL：https://user.360lj.com  ; 测试环境UI基础URL/login
2026-04-16 09:42:29,647 - INFO - [打开登录页] 跳转URL：https://user.360lj.com  ; 测试环境UI基础URL/login
2026-04-16 09:43:46,839 - INFO - [打开登录页] 跳转URL：https://user.360lj.com  ; 测试环境UI基础URL/login
2026-04-16 09:43:49,165 - INFO - [打开登录页] 跳转URL：https://user.360lj.com  ; 测试环境UI基础URL/login
2026-04-16 09:44:51,336 - INFO - [打开登录页] 跳转URL：https://user.360lj.com/login
2026-04-16 09:44:52,328 - INFO - [登录页-输入用户名] 输入文本：19939906086 到元素：#username
2026-04-16 09:45:02,643 - INFO - [打开登录页] 跳转URL：https://user.360lj.com/login
2026-04-16 09:45:44,964 - INFO - [打开登录页] 跳转URL：https://user.360lj.com/
2026-04-16 09:45:47,261 - INFO - [登录页-输入用户名] 输入文本：19939906086 到元素：#username
2026-04-16 09:46:19,235 - INFO - [打开登录页] 跳转URL：https://user.360lj.com/
2026-04-16 09:46:21,538 - INFO - [登录页-输入用户名] 输入文本：1237627637 到元素：#username
2026-04-16 09:51:00,190 - INFO - [打开登录页] 跳转URL：https://user.360lj.com/
2026-04-16 09:51:02,448 - INFO - [等待用户名输入框显示] 等待元素可见：#account
2026-04-16 09:51:02,481 - INFO - [登录页-输入用户名] 输入文本：19939906086 到元素：#account
2026-04-16 09:51:03,012 - INFO - [等待密码输入框显示] 等待元素可见：#password
2026-04-16 09:51:03,021 - INFO - [登录页-输入密码] 输入文本：meiyoumima 到元素：#password
2026-04-16 09:51:03,540 - INFO - [等待登录按钮显示] 等待元素可见：log-btn
2026-04-16 09:51:15,304 - INFO - [打开登录页] 跳转URL：https://user.360lj.com/
2026-04-16 09:51:17,505 - INFO - [等待用户名输入框显示] 等待元素可见：#account
2026-04-16 09:51:17,539 - INFO - [登录页-输入用户名] 输入文本：1237627637 到元素：#account
2026-04-16 09:51:18,070 - INFO - [等待密码输入框显示] 等待元素可见：#password
2026-04-16 09:51:18,078 - INFO - [登录页-输入密码] 输入文本：111111 到元素：#password
2026-04-16 09:51:18,599 - INFO - [等待登录按钮显示] 等待元素可见：log-btn
2026-04-16 09:56:17,766 - INFO - [打开登录页] 跳转URL：https://user.360lj.com/
2026-04-16 09:56:19,999 - INFO - [等待用户名输入框显示] 等待元素可见：#account
2026-04-16 09:56:20,033 - INFO - [登录页-输入用户名] 输入文本：19939906086 到元素：#account
2026-04-16 09:56:20,557 - INFO - [等待密码输入框显示] 等待元素可见：#password
2026-04-16 09:56:20,565 - INFO - [登录页-输入密码] 输入文本：meiyoumima 到元素：#password
2026-04-16 09:56:21,082 - INFO - [等待登录按钮显示] 等待元素可见：.log-btn
2026-04-16 09:56:21,092 - INFO - [登录页-点击登录按钮] 点击元素：.log-btn
2026-04-16 09:56:21,644 - INFO - [断言登录后显示用户名] 断言元素.user-name的文本为：19939906086
2026-04-16 09:56:28,403 - INFO - [打开登录页] 跳转URL：https://user.360lj.com/
2026-04-16 09:56:30,852 - INFO - [等待用户名输入框显示] 等待元素可见：#account
2026-04-16 09:56:30,886 - INFO - [登录页-输入用户名] 输入文本：1237627637 到元素：#account
2026-04-16 09:56:31,422 - INFO - [等待密码输入框显示] 等待元素可见：#password
2026-04-16 09:56:31,433 - INFO - [登录页-输入密码] 输入文本：111111 到元素：#password
2026-04-16 09:56:31,966 - INFO - [等待登录按钮显示] 等待元素可见：.log-btn
2026-04-16 09:56:31,975 - INFO - [登录页-点击登录按钮] 点击元素：.log-btn
2026-04-16 09:56:32,524 - INFO - [等待错误提示显示] 等待元素可见：.error-tip
2026-04-16 10:02:44,332 - INFO - [打开登录页] 跳转URL：https://user.360lj.com/
2026-04-16 10:02:46,424 - INFO - [等待用户名输入框显示] 等待元素可见：#account
2026-04-16 10:02:46,459 - INFO - [登录页-输入用户名] 输入文本：19939906086 到元素：#account
2026-04-16 10:02:46,985 - INFO - [等待密码输入框显示] 等待元素可见：#password
2026-04-16 10:02:46,994 - INFO - [登录页-输入密码] 输入文本：meiyoumima 到元素：#password
2026-04-16 10:02:47,514 - INFO - [等待登录按钮显示] 等待元素可见：.login-btn
2026-04-16 10:02:59,407 - INFO - [打开登录页] 跳转URL：https://user.360lj.com/
2026-04-16 10:03:01,615 - INFO - [等待用户名输入框显示] 等待元素可见：#account
2026-04-16 10:03:01,650 - INFO - [登录页-输入用户名] 输入文本：19939906086 到元素：#account
2026-04-16 10:03:02,179 - INFO - [等待密码输入框显示] 等待元素可见：#password
2026-04-16 10:03:02,187 - INFO - [登录页-输入密码] 输入文本：111111111 到元素：#password
2026-04-16 10:03:02,709 - INFO - [等待登录按钮显示] 等待元素可见：.login-btn
2026-04-16 10:04:06,804 - INFO - [打开登录页] 跳转URL：https://user.360lj.com/
2026-04-16 10:04:08,909 - INFO - [等待用户名输入框显示] 等待元素可见：#account
2026-04-16 10:04:08,943 - INFO - [登录页-输入用户名] 输入文本：19939906086 到元素：#account
2026-04-16 10:04:09,470 - INFO - [等待密码输入框显示] 等待元素可见：#password
2026-04-16 10:04:09,478 - INFO - [登录页-输入密码] 输入文本：meiyoumima 到元素：#password
2026-04-16 10:04:09,999 - INFO - [等待登录按钮显示] 等待元素可见：.log-btn
2026-04-16 10:04:10,007 - INFO - [登录页-点击登录按钮] 点击元素：.log-btn
2026-04-16 10:04:10,555 - INFO - [断言登录后显示用户名] 断言元素.jk_mr27的文本为：19939906086
2026-04-16 10:04:17,151 - INFO - [打开登录页] 跳转URL：https://user.360lj.com/
2026-04-16 10:04:19,027 - INFO - [等待用户名输入框显示] 等待元素可见：#account
2026-04-16 10:04:19,060 - INFO - [登录页-输入用户名] 输入文本：19939906086 到元素：#account
2026-04-16 10:04:19,585 - INFO - [等待密码输入框显示] 等待元素可见：#password
2026-04-16 10:04:19,593 - INFO - [登录页-输入密码] 输入文本：111111111 到元素：#password
2026-04-16 10:04:20,120 - INFO - [等待登录按钮显示] 等待元素可见：.log-btn
2026-04-16 10:04:20,129 - INFO - [登录页-点击登录按钮] 点击元素：.log-btn
2026-04-16 10:04:20,666 - INFO - [等待错误提示显示] 等待元素可见：.x x-pass
2026-04-16 10:13:56,515 - INFO - [打开登录页] 跳转URL：https://user.360lj.com/
2026-04-16 10:13:59,186 - INFO - [等待用户名输入框显示] 等待元素可见：#account
2026-04-16 10:13:59,243 - INFO - [登录页-输入用户名] 输入文本：19939906086 到元素：#account
2026-04-16 10:13:59,776 - INFO - [等待密码输入框显示] 等待元素可见：#password
2026-04-16 10:13:59,788 - INFO - [登录页-输入密码] 输入文本：meiyoumima 到元素：#password
2026-04-16 10:14:00,304 - INFO - [等待登录按钮显示] 等待元素可见：.log-btn
2026-04-16 10:14:00,313 - INFO - [登录页-点击登录按钮] 点击元素：.log-btn
2026-04-16 10:14:00,861 - INFO - [等待用户名显示] 等待元素可见：.jk_mr27
2026-04-16 10:14:09,603 - INFO - [打开登录页] 跳转URL：https://user.360lj.com/
2026-04-16 10:14:11,704 - INFO - [等待用户名输入框显示] 等待元素可见：#account
2026-04-16 10:14:11,738 - INFO - [登录页-输入用户名] 输入文本：19939906086 到元素：#account
2026-04-16 10:14:12,263 - INFO - [等待密码输入框显示] 等待元素可见：#password
2026-04-16 10:14:12,271 - INFO - [登录页-输入密码] 输入文本：111111111 到元素：#password
2026-04-16 10:14:12,793 - INFO - [等待登录按钮显示] 等待元素可见：.log-btn
2026-04-16 10:14:12,801 - INFO - [登录页-点击登录按钮] 点击元素：.log-btn
2026-04-16 10:14:13,335 - INFO - [等待错误提示显示] 等待元素可见：.x-pass
2026-04-16 10:15:41,841 - INFO - [打开登录页] 跳转URL：https://user.360lj.com/
2026-04-16 10:15:43,882 - INFO - [等待用户名输入框显示] 等待元素可见：#account
2026-04-16 10:15:43,917 - INFO - [登录页-输入用户名] 输入文本：19939906086 到元素：#account
2026-04-16 10:15:44,443 - INFO - [等待密码输入框显示] 等待元素可见：#password
2026-04-16 10:15:44,452 - INFO - [登录页-输入密码] 输入文本：meiyoumima 到元素：#password
2026-04-16 10:15:44,975 - INFO - [等待登录按钮显示] 等待元素可见：.log-btn
2026-04-16 10:15:44,984 - INFO - [登录页-点击登录按钮] 点击元素：.log-btn
2026-04-16 10:15:45,517 - INFO - [等待用户名显示] 等待元素可见：.jk_mr27
2026-04-16 10:15:47,690 - INFO - [打开登录页] 跳转URL：https://user.360lj.com/
2026-04-16 10:15:49,503 - INFO - [等待用户名输入框显示] 等待元素可见：#account
2026-04-16 10:15:49,537 - INFO - [登录页-输入用户名] 输入文本：19939906086 到元素：#account
2026-04-16 10:15:50,063 - INFO - [等待密码输入框显示] 等待元素可见：#password
2026-04-16 10:15:50,072 - INFO - [登录页-输入密码] 输入文本：111111111 到元素：#password
2026-04-16 10:15:50,592 - INFO - [等待登录按钮显示] 等待元素可见：.log-btn
2026-04-16 10:15:50,602 - INFO - [登录页-点击登录按钮] 点击元素：.log-btn
2026-04-16 10:15:51,139 - INFO - [等待错误提示显示] 等待元素可见：.x-pass
2026-04-16 10:16:53,912 - INFO - 请求地址：https://user.360lj.com/ajax/Newlogin?r=0.5819574925456303
2026-04-16 10:16:53,913 - INFO - 请求参数：{'json': {'username': '17638063821', 'password': 'Meiyoumima', 'type': 0}}
2026-04-16 10:16:54,516 - INFO - 响应结果：[{'status':'1','info':'用户名或密码错误'}]
2026-04-16 10:16:54,519 - INFO - 请求地址：https://user.360lj.com/ajax/Newlogin?r=0.5819574925456303
2026-04-16 10:16:54,519 - INFO - 请求参数：{'json': {'username': '19939906086', 'password': 'meiyoumima', 'type': 0}}
2026-04-16 10:16:54,606 - INFO - 响应结果：[{'status':'0','info':'恭喜登录成功'}]
2026-04-16 10:16:55,519 - INFO - [打开登录页] 跳转URL：https://user.360lj.com/
2026-04-16 10:16:57,357 - INFO - [等待用户名输入框显示] 等待元素可见：#account
2026-04-16 10:16:57,392 - INFO - [登录页-输入用户名] 输入文本：19939906086 到元素：#account
2026-04-16 10:16:57,931 - INFO - [等待密码输入框显示] 等待元素可见：#password
2026-04-16 10:16:57,940 - INFO - [登录页-输入密码] 输入文本：meiyoumima 到元素：#password
2026-04-16 10:16:58,463 - INFO - [等待登录按钮显示] 等待元素可见：.log-btn
2026-04-16 10:16:58,473 - INFO - [登录页-点击登录按钮] 点击元素：.log-btn
2026-04-16 10:16:59,014 - INFO - [等待用户名显示] 等待元素可见：.jk_mr27
2026-04-16 10:17:01,576 - INFO - [打开登录页] 跳转URL：https://user.360lj.com/
2026-04-16 10:17:03,711 - INFO - [等待用户名输入框显示] 等待元素可见：#account
2026-04-16 10:17:03,747 - INFO - [登录页-输入用户名] 输入文本：19939906086 到元素：#account
2026-04-16 10:17:04,275 - INFO - [等待密码输入框显示] 等待元素可见：#password
2026-04-16 10:17:04,284 - INFO - [登录页-输入密码] 输入文本：111111111 到元素：#password
2026-04-16 10:17:04,807 - INFO - [等待登录按钮显示] 等待元素可见：.log-btn
2026-04-16 10:17:04,817 - INFO - [登录页-点击登录按钮] 点击元素：.log-btn
2026-04-16 10:17:05,350 - INFO - [等待错误提示显示] 等待元素可见：.x-pass
2026-04-16 10:29:23,784 - INFO - 请求地址：https://user.360lj.com/ajax/Newlogin?r=0.5819574925456303
2026-04-16 10:29:23,784 - INFO - 请求参数：{'json': {'username': '17638063821', 'password': 'Meiyoumima', 'type': 0}}
2026-04-16 10:29:24,199 - INFO - 响应结果：[{'status':'1','info':'用户名或密码错误'}]
2026-04-16 10:29:24,203 - INFO - 请求地址：https://user.360lj.com/ajax/Newlogin?r=0.5819574925456303
2026-04-16 10:29:24,203 - INFO - 请求参数：{'json': {'username': '19939906086', 'password': 'meiyoumima', 'type': 0}}
2026-04-16 10:29:24,279 - INFO - 响应结果：[{'status':'0','info':'恭喜登录成功'}]
2026-04-16 10:29:48,823 - INFO - 请求地址：https://user.360lj.com/ajax/Newlogin?r=0.5819574925456303
2026-04-16 10:29:48,823 - INFO - 请求参数：{'json': {'username': '17638063821', 'password': 'Meiyoumima', 'type': 0}}
2026-04-16 10:29:49,278 - INFO - 响应结果：[{'status':'1','info':'用户名或密码错误'}]
2026-04-16 10:29:49,282 - INFO - 请求地址：https://user.360lj.com/ajax/Newlogin?r=0.5819574925456303
2026-04-16 10:29:49,282 - INFO - 请求参数：{'json': {'username': '19939906086', 'password': 'meiyoumima', 'type': 0}}
2026-04-16 10:29:49,339 - INFO - 响应结果：[{'status':'0','info':'恭喜登录成功'}]
2026-04-16 10:30:36,882 - INFO - 请求地址：https://user.360lj.com/ajax/Newlogin?r=0.5819574925456303
2026-04-16 10:30:36,882 - INFO - 请求参数：{'json': {'username': '17638063821', 'password': 'Meiyoumima', 'type': 0}}
2026-04-16 10:30:37,328 - INFO - 响应结果：[{'status':'1','info':'用户名或密码错误'}]
2026-04-16 10:30:37,331 - INFO - 请求地址：https://user.360lj.com/ajax/Newlogin?r=0.5819574925456303
2026-04-16 10:30:37,331 - INFO - 请求参数：{'json': {'username': '19939906086', 'password': 'meiyoumima', 'type': 0}}
2026-04-16 10:30:37,415 - INFO - 响应结果：[{'status':'0','info':'恭喜登录成功'}]
2026-04-16 10:30:38,362 - INFO - [打开登录页] 跳转URL：https://user.360lj.com/
2026-04-16 10:30:40,464 - INFO - [] 等待元素可见：#account
2026-04-16 10:30:40,497 - INFO - [] 输入文本：19939906086 到元素：#account
2026-04-16 10:30:41,019 - INFO - [] 等待元素可见：#password
2026-04-16 10:30:41,028 - INFO - [] 输入文本：meiyoumima 到元素：#password
2026-04-16 10:30:41,552 - INFO - [] 等待元素可见：.log-btn
2026-04-16 10:30:41,561 - INFO - [] 点击元素：.log-btn
2026-04-16 10:30:48,681 - INFO - [打开登录页] 跳转URL：https://user.360lj.com/
2026-04-16 10:30:51,130 - INFO - [] 等待元素可见：#account
2026-04-16 10:30:51,164 - INFO - [] 输入文本：19939906086 到元素：#account
2026-04-16 10:30:51,693 - INFO - [] 等待元素可见：#password
2026-04-16 10:30:51,702 - INFO - [] 输入文本：111111111 到元素：#password
2026-04-16 10:30:52,219 - INFO - [] 等待元素可见：.log-btn
2026-04-16 10:30:52,228 - INFO - [] 点击元素：.log-btn
2026-04-16 10:30:52,760 - INFO - [] 等待元素可见：.x-pass
2026-04-16 10:31:00,704 - INFO - 请求地址：https://user.360lj.com/ajax/Newlogin?r=0.5819574925456303
2026-04-16 10:31:00,704 - INFO - 请求参数：{'json': {'username': '17638063821', 'password': 'Meiyoumima', 'type': 0}}
2026-04-16 10:31:01,242 - INFO - 响应结果：[{'status':'1','info':'用户名或密码错误'}]
2026-04-16 10:31:01,245 - INFO - 请求地址：https://user.360lj.com/ajax/Newlogin?r=0.5819574925456303
2026-04-16 10:31:01,245 - INFO - 请求参数：{'json': {'username': '19939906086', 'password': 'meiyoumima', 'type': 0}}
2026-04-16 10:31:01,335 - INFO - 响应结果：[{'status':'0','info':'恭喜登录成功'}]
2026-04-16 10:31:02,238 - INFO - [打开登录页] 跳转URL：https://user.360lj.com/
2026-04-16 10:31:04,567 - INFO - [] 等待元素可见：#account
2026-04-16 10:31:04,603 - INFO - [] 输入文本：19939906086 到元素：#account
2026-04-16 10:31:05,130 - INFO - [] 等待元素可见：#password
2026-04-16 10:31:05,139 - INFO - [] 输入文本：meiyoumima 到元素：#password
2026-04-16 10:31:05,663 - INFO - [] 等待元素可见：.log-btn
2026-04-16 10:31:05,672 - INFO - [] 点击元素：.log-btn
2026-04-16 10:31:08,612 - INFO - [打开登录页] 跳转URL：https://user.360lj.com/
2026-04-16 10:31:10,866 - INFO - [] 等待元素可见：#account
2026-04-16 10:31:10,903 - INFO - [] 输入文本：19939906086 到元素：#account
2026-04-16 10:31:11,427 - INFO - [] 等待元素可见：#password
2026-04-16 10:31:11,436 - INFO - [] 输入文本：111111111 到元素：#password
2026-04-16 10:31:11,958 - INFO - [] 等待元素可见：.log-btn
2026-04-16 10:31:11,966 - INFO - [] 点击元素：.log-btn
2026-04-16 10:31:12,508 - INFO - [] 等待元素可见：.x-pass
2026-04-16 10:32:16,153 - INFO - 请求地址：https://user.360lj.com/ajax/Newlogin?r=0.5819574925456303
2026-04-16 10:32:16,153 - INFO - 请求参数：{'json': {'username': '17638063821', 'password': 'Meiyoumima', 'type': 0}}
2026-04-16 10:32:16,600 - INFO - 响应结果：[{'status':'1','info':'用户名或密码错误'}]
2026-04-16 10:32:16,603 - INFO - 请求地址：https://user.360lj.com/ajax/Newlogin?r=0.5819574925456303
2026-04-16 10:32:16,604 - INFO - 请求参数：{'json': {'username': '19939906086', 'password': 'meiyoumima', 'type': 0}}
2026-04-16 10:32:16,682 - INFO - 响应结果：[{'status':'0','info':'恭喜登录成功'}]
2026-04-16 10:32:17,814 - INFO - [打开登录页] 跳转URL：https://user.360lj.com/
2026-04-16 10:32:20,190 - INFO - [] 等待元素可见：#account
2026-04-16 10:32:20,225 - INFO - [] 输入文本：19939906086 到元素：#account
2026-04-16 10:32:20,753 - INFO - [] 等待元素可见：#password
2026-04-16 10:32:20,761 - INFO - [] 输入文本：meiyoumima 到元素：#password
2026-04-16 10:32:21,285 - INFO - [] 等待元素可见：.log-btn
2026-04-16 10:32:21,294 - INFO - [] 点击元素：.log-btn
2026-04-16 10:32:24,549 - INFO - [打开登录页] 跳转URL：https://user.360lj.com/
2026-04-16 10:32:26,778 - INFO - [] 等待元素可见：#account
2026-04-16 10:32:26,812 - INFO - [] 输入文本：19939906086 到元素：#account
2026-04-16 10:32:27,338 - INFO - [] 等待元素可见：#password
2026-04-16 10:32:27,347 - INFO - [] 输入文本：111111111 到元素：#password
2026-04-16 10:32:27,866 - INFO - [] 等待元素可见：.log-btn
2026-04-16 10:32:27,874 - INFO - [] 点击元素：.log-btn
2026-04-16 10:32:28,412 - INFO - [] 等待元素可见：.x-pass
